#
# A fatal error has been detected by the Java Runtime Environment:
#
#  SIGSEGV (0xb) at pc=0x0000000101a22321, pid=5793, tid=8707
#
# JRE version: Java(TM) SE Runtime Environment (7.0_79-b15) (build 1.7.0_79-b15)
# Java VM: Java HotSpot(TM) 64-Bit Server VM (24.79-b02 mixed mode bsd-amd64 compressed oops)
# Problematic frame:
# V  [libjvm.dylib+0x1f2321]
#
# Failed to write core dump. Core dumps have been disabled. To enable core dumping, try "ulimit -c unlimited" before starting Java again
#
# If you would like to submit a bug report, please visit:
#   http://bugreport.java.com/bugreport/crash.jsp
#

---------------  T H R E A D  ---------------

Current thread (0x00007fa07301d800):  GCTaskThread [stack: 0x0000000105d6d000,0x0000000105e6d000] [id=8707]

siginfo:si_signo=SIGSEGV: si_errno=0, si_code=1 (SEGV_MAPERR), si_addr=0x00000000f8324fd2

Registers:
RAX=0x00000000f8324f22, RBX=0x00007fa072c247e0, RCX=0x00000000001c9703, RDX=0x0000000000e4b901
RSP=0x0000000105e6cc10, RBP=0x0000000105e6cc10, RSI=0x00000007c205cb60, RDI=0x00000007c1927908
R8 =0x00000000000000e4, R9 =0x000000000000aed3, R10=0x0001100000000011, R11=0x0010000000000000
R12=0x0000000000000003, R13=0x00000007c2058224, R14=0x00000007c205cb60, R15=0x00007fa072c247e0
RIP=0x0000000101a22321, EFLAGS=0x0000000000010202, ERR=0x0000000000000004
  TRAPNO=0x000000000000000e

Top of Stack: (sp=0x0000000105e6cc10)
0x0000000105e6cc10:   0000000105e6cc40 00000001019f5974
0x0000000105e6cc20:   00000007bae16438 00000007c2058208
0x0000000105e6cc30:   000000000000003b 00007fa072c247e0
0x0000000105e6cc40:   0000000105e6ccb0 0000000101c41b54
0x0000000105e6cc50:   000000000000003b 00000007baef8f50
0x0000000105e6cc60:   0000000105e6ccb0 00000007c2058208
0x0000000105e6cc70:   00007fa072c247e0 00000007baea8fb0
0x0000000105e6cc80:   0000000105e6ccb0 00007fa072c247e0
0x0000000105e6cc90:   00000007c2058208 0000000101dacc37
0x0000000105e6cca0:   00007fa072c247e8 0000000101fac8f0
0x0000000105e6ccb0:   0000000105e6cd30 0000000101c81508
0x0000000105e6ccc0:   00007fa072c24820 00007fa072c24868
0x0000000105e6ccd0:   00007fa072c248a0 0000000105e6cd88
0x0000000105e6cce0:   000000010205baf8 00007fa072d20fb0
0x0000000105e6ccf0:   0000000105e6cd30 0000000101b53aa1
0x0000000105e6cd00:   0000000000000000 00007fa072c247e0
0x0000000105e6cd10:   0000000000000000 0000000101dacc37
0x0000000105e6cd20:   00007fa072c21b60 0000000000000001
0x0000000105e6cd30:   0000000105e6cdb0 0000000101c750ca
0x0000000105e6cd40:   0000000105e6cd80 0000000101c2d7f0
0x0000000105e6cd50:   00007fa07301d800 00007fa072c1ed00
0x0000000105e6cd60:   0000000105e6cd80 0000000101a9d7a7
0x0000000105e6cd70:   00007fa072c1ebf0 0000000000000001
0x0000000105e6cd80:   0000000105e6cdb0 0000000102032fc0
0x0000000105e6cd90:   0000000000000000 0000000000000000
0x0000000105e6cda0:   00007fa072c247e0 00007fa07301d800
0x0000000105e6cdb0:   0000000105e6ce90 0000000101a9dca3
0x0000000105e6cdc0:   0000000105e6cdf0 00007fa072c20100
0x0000000105e6cdd0:   00007fa072c20130 00007fa072c20140
0x0000000105e6cde0:   00007fa072c20518 00000000000003d8
0x0000000105e6cdf0:   00007fa07301d800 00007fa072c20520
0x0000000105e6ce00:   00007fa072c20550 00007fa072c20560 

Instructions: (pc=0x0000000101a22321)
0x0000000101a22301:   00 48 01 c1 48 ba ff ff ff ff 07 00 00 00 48 01
0x0000000101a22311:   ca 48 f7 d8 48 21 d0 48 c1 e8 03 5d c3 48 8b 07
0x0000000101a22321:   48 8b 80 b0 00 00 00 5d ff e0 90 55 48 89 e5 48
0x0000000101a22331:   8d 05 d9 d0 61 00 80 38 00 74 15 48 8d 05 ad a5 

Register to memory mapping:

RAX=0x00000000f8324f22 is an unknown value
RBX=0x00007fa072c247e0 is an unknown value
RCX=0x00000000001c9703 is an unknown value
RDX=0x0000000000e4b901 is an unknown value
RSP=0x0000000105e6cc10 is an unknown value
RBP=0x0000000105e6cc10 is an unknown value
RSI=0x00000007c205cb60 is pointing into object: 0x00000007c205cb48
com.android.dx.rop.code.Rop 
 - klass: 'com/android/dx/rop/code/Rop'
RDI=0x00000007c1927908 is pointing into object: 0x00000007c19278f8
com.android.dx.rop.type.StdTypeList 
 - klass: 'com/android/dx/rop/type/StdTypeList'
R8 =0x00000000000000e4 is an unknown value
R9 =0x000000000000aed3 is an unknown value
R10=0x0001100000000011 is an unknown value
R11=0x0010000000000000 is an unknown value
R12=0x0000000000000003 is an unknown value
R13=0x00000007c2058224 is pointing into object: 0x00000007c2058208
[Ljava.lang.Object; 
 - klass: 'java/lang/Object'[]
 - length: 59
R14=0x00000007c205cb60 is pointing into object: 0x00000007c205cb48
com.android.dx.rop.code.Rop 
 - klass: 'com/android/dx/rop/code/Rop'
R15=0x00007fa072c247e0 is an unknown value


Stack: [0x0000000105d6d000,0x0000000105e6d000],  sp=0x0000000105e6cc10,  free space=1023k
Native frames: (J=compiled Java code, j=interpreted, Vv=VM code, C=native code)
V  [libjvm.dylib+0x1f2321]
V  [libjvm.dylib+0x1c5974]
V  [libjvm.dylib+0x411b54]
V  [libjvm.dylib+0x451508]
V  [libjvm.dylib+0x4450ca]
V  [libjvm.dylib+0x26dca3]
V  [libjvm.dylib+0x421c4e]
C  [libsystem_pthread.dylib+0x3268]  _pthread_body+0x83
C  [libsystem_pthread.dylib+0x31e5]  _pthread_body+0x0
C  [libsystem_pthread.dylib+0x141d]  thread_start+0xd


---------------  P R O C E S S  ---------------

Java Threads: ( => current thread )
  0x00007fa0731a9000 JavaThread "pool-1-thread-4" [_thread_blocked, id=19459, stack(0x000000010b5a8000,0x000000010b6a8000)]
  0x00007fa0731a9800 JavaThread "pool-1-thread-3" [_thread_blocked, id=18947, stack(0x000000010b4a5000,0x000000010b5a5000)]
  0x00007fa0731a8000 JavaThread "pool-1-thread-2" [_thread_blocked, id=18435, stack(0x000000010b3a2000,0x000000010b4a2000)]
  0x00007fa07317c000 JavaThread "pool-2-thread-1" [_thread_blocked, id=17923, stack(0x000000010b29f000,0x000000010b39f000)]
  0x00007fa0738e5000 JavaThread "pool-1-thread-1" [_thread_blocked, id=17411, stack(0x000000010b19c000,0x000000010b29c000)]
  0x00007fa07383a800 JavaThread "Service Thread" daemon [_thread_blocked, id=16387, stack(0x000000010ad90000,0x000000010ae90000)]
  0x00007fa07383a000 JavaThread "C2 CompilerThread1" daemon [_thread_blocked, id=15875, stack(0x000000010ac8d000,0x000000010ad8d000)]
  0x00007fa073821000 JavaThread "C2 CompilerThread0" daemon [_thread_blocked, id=15363, stack(0x000000010ab8a000,0x000000010ac8a000)]
  0x00007fa073822000 JavaThread "Signal Dispatcher" daemon [_thread_blocked, id=11535, stack(0x000000010aa87000,0x000000010ab87000)]
  0x00007fa07304d800 JavaThread "Finalizer" daemon [_thread_blocked, id=10499, stack(0x00000001091bf000,0x00000001092bf000)]
  0x00007fa07304c800 JavaThread "Reference Handler" daemon [_thread_blocked, id=9987, stack(0x00000001090bc000,0x00000001091bc000)]
  0x00007fa073011800 JavaThread "main" [_thread_blocked, id=4867, stack(0x00000001022ab000,0x00000001023ab000)]

Other Threads:
  0x00007fa07304a000 VMThread [stack: 0x0000000108fb9000,0x00000001090b9000] [id=9475]
  0x00007fa073843800 WatcherThread [stack: 0x000000010ae93000,0x000000010af93000] [id=16899]

=>0x00007fa07301d800 (exited) GCTaskThread [stack: 0x0000000105d6d000,0x0000000105e6d000] [id=8707]

VM state:at safepoint (normal execution)

VM Mutex/Monitor currently owned by a thread:  ([mutex/lock_event])
[0x00007fa072c14330] Threads_lock - owner thread: 0x00007fa07304a000
[0x00007fa072c14830] Heap_lock - owner thread: 0x00007fa0731a8000

Heap
 PSYoungGen      total 151552K, used 18942K [0x00000007eaa80000, 0x00000007fe880000, 0x0000000800000000)
  eden space 132608K, 0% used [0x00000007eaa80000,0x00000007eaa80000,0x00000007f2c00000)
  from space 18944K, 99% used [0x00000007f2c00000,0x00000007f3e7f8a0,0x00000007f3e80000)
  to   space 30208K, 0% used [0x00000007fcb00000,0x00000007fcb00000,0x00000007fe880000)
 ParOldGen       total 43520K, used 41037K [0x00000007c0000000, 0x00000007c2a80000, 0x00000007eaa80000)
  object space 43520K, 94% used [0x00000007c0000000,0x00000007c2813580,0x00000007c2a80000)
 PSPermGen       total 21504K, used 6089K [0x00000007bae00000, 0x00000007bc300000, 0x00000007c0000000)
  object space 21504K, 28% used [0x00000007bae00000,0x00000007bb3f2500,0x00000007bc300000)

Card table byte_map: [0x00000001058c0000,0x0000000105aea000] byte_map_base: 0x0000000101ae9000

Polling page: 0x00000001023ea000

Code Cache  [0x0000000102800000, 0x0000000102a70000, 0x0000000105800000)
 total_blobs=586 nmethods=357 adapters=183 free_code_cache=47593Kb largest_free_block=48687488

Compilation events (10 events):
Event: 23.311 Thread 0x00007fa07383a000 nmethod 357 0x000000010298b710 code [0x000000010298b880, 0x000000010298ba28]
Event: 23.311 Thread 0x00007fa07383a000  358             com.android.dx.ssa.MoveParamCombiner$1::visitNonMoveInsn (213 bytes)
Event: 23.369 Thread 0x00007fa07383a000 nmethod 358 0x000000010298fd90 code [0x0000000102990000, 0x0000000102990980]
Event: 23.369 Thread 0x00007fa07383a000  359             com.android.dx.cf.attrib.BaseAttribute::getName (5 bytes)
Event: 23.369 Thread 0x00007fa07383a000 nmethod 359 0x000000010298b510 code [0x000000010298b640, 0x000000010298b6b8]
Event: 23.369 Thread 0x00007fa07383a000  360             java.util.Arrays::copyOf (19 bytes)
Event: 23.372 Thread 0x00007fa07383a000 nmethod 360 0x0000000102986a50 code [0x0000000102986ba0, 0x0000000102986d78]
Event: 23.372 Thread 0x00007fa07383a000  361   !         com.android.dx.cf.code.BaseMachine::arg (36 bytes)
Event: 23.372 Thread 0x00007fa07383a000 nmethod 361 0x0000000102986750 code [0x00000001029868a0, 0x0000000102986958]
Event: 23.372 Thread 0x00007fa07383a000  362             com.android.dx.ssa.SCCP::addUsersToWorklist (103 bytes)

GC Heap History (10 events):
Event: 3.703 GC heap after
Heap after GC invocations=3 (full 0):
 PSYoungGen      total 36352K, used 2542K [0x00000007eaa80000, 0x00000007ef180000, 0x0000000800000000)
  eden space 33792K, 0% used [0x00000007eaa80000,0x00000007eaa80000,0x00000007ecb80000)
  from space 2560K, 99% used [0x00000007ecb80000,0x00000007ecdfb8d8,0x00000007ece00000)
  to   space 2560K, 0% used [0x00000007eef00000,0x00000007eef00000,0x00000007ef180000)
 ParOldGen       total 43520K, used 7763K [0x00000007c0000000, 0x00000007c2a80000, 0x00000007eaa80000)
  object space 43520K, 17% used [0x00000007c0000000,0x00000007c0794d98,0x00000007c2a80000)
 PSPermGen       total 21504K, used 5900K [0x00000007bae00000, 0x00000007bc300000, 0x00000007c0000000)
  object space 21504K, 27% used [0x00000007bae00000,0x00000007bb3c3158,0x00000007bc300000)
}
Event: 6.774 GC heap before
{Heap before GC invocations=4 (full 0):
 PSYoungGen      total 36352K, used 36334K [0x00000007eaa80000, 0x00000007ef180000, 0x0000000800000000)
  eden space 33792K, 100% used [0x00000007eaa80000,0x00000007ecb80000,0x00000007ecb80000)
  from space 2560K, 99% used [0x00000007ecb80000,0x00000007ecdfb8d8,0x00000007ece00000)
  to   space 2560K, 0% used [0x00000007eef00000,0x00000007eef00000,0x00000007ef180000)
 ParOldGen       total 43520K, used 7763K [0x00000007c0000000, 0x00000007c2a80000, 0x00000007eaa80000)
  object space 43520K, 17% used [0x00000007c0000000,0x00000007c0794d98,0x00000007c2a80000)
 PSPermGen       total 21504K, used 5938K [0x00000007bae00000, 0x00000007bc300000, 0x00000007c0000000)
  object space 21504K, 27% used [0x00000007bae00000,0x00000007bb3cc9b8,0x00000007bc300000)
Event: 6.834 GC heap after
Heap after GC invocations=4 (full 0):
 PSYoungGen      total 70144K, used 2528K [0x00000007eaa80000, 0x00000007ef180000, 0x0000000800000000)
  eden space 67584K, 0% used [0x00000007eaa80000,0x00000007eaa80000,0x00000007eec80000)
  from space 2560K, 98% used [0x00000007eef00000,0x00000007ef178220,0x00000007ef180000)
  to   space 2560K, 0% used [0x00000007eec80000,0x00000007eec80000,0x00000007eef00000)
 ParOldGen       total 43520K, used 14025K [0x00000007c0000000, 0x00000007c2a80000, 0x00000007eaa80000)
  object space 43520K, 32% used [0x00000007c0000000,0x00000007c0db2620,0x00000007c2a80000)
 PSPermGen       total 21504K, used 5938K [0x00000007bae00000, 0x00000007bc300000, 0x00000007c0000000)
  object space 21504K, 27% used [0x00000007bae00000,0x00000007bb3cc9b8,0x00000007bc300000)
}
Event: 11.845 GC heap before
{Heap before GC invocations=5 (full 0):
 PSYoungGen      total 70144K, used 70112K [0x00000007eaa80000, 0x00000007ef180000, 0x0000000800000000)
  eden space 67584K, 100% used [0x00000007eaa80000,0x00000007eec80000,0x00000007eec80000)
  from space 2560K, 98% used [0x00000007eef00000,0x00000007ef178220,0x00000007ef180000)
  to   space 2560K, 0% used [0x00000007eec80000,0x00000007eec80000,0x00000007eef00000)
 ParOldGen       total 43520K, used 14025K [0x00000007c0000000, 0x00000007c2a80000, 0x00000007eaa80000)
  object space 43520K, 32% used [0x00000007c0000000,0x00000007c0db2620,0x00000007c2a80000)
 PSPermGen       total 21504K, used 5972K [0x00000007bae00000, 0x00000007bc300000, 0x00000007c0000000)
  object space 21504K, 27% used [0x00000007bae00000,0x00000007bb3d5158,0x00000007bc300000)
Event: 12.018 GC heap after
Heap after GC invocations=5 (full 0):
 PSYoungGen      total 70144K, used 2528K [0x00000007eaa80000, 0x00000007f4e80000, 0x0000000800000000)
  eden space 67584K, 0% used [0x00000007eaa80000,0x00000007eaa80000,0x00000007eec80000)
  from space 2560K, 98% used [0x00000007eec80000,0x00000007eeef8220,0x00000007eef00000)
  to   space 16384K, 0% used [0x00000007f3e80000,0x00000007f3e80000,0x00000007f4e80000)
 ParOldGen       total 43520K, used 25757K [0x00000007c0000000, 0x00000007c2a80000, 0x00000007eaa80000)
  object space 43520K, 59% used [0x00000007c0000000,0x00000007c19274d8,0x00000007c2a80000)
 PSPermGen       total 21504K, used 5972K [0x00000007bae00000, 0x00000007bc300000, 0x00000007c0000000)
  object space 21504K, 27% used [0x00000007bae00000,0x00000007bb3d5158,0x00000007bc300000)
}
Event: 16.995 GC heap before
{Heap before GC invocations=6 (full 0):
 PSYoungGen      total 70144K, used 70112K [0x00000007eaa80000, 0x00000007f4e80000, 0x0000000800000000)
  eden space 67584K, 100% used [0x00000007eaa80000,0x00000007eec80000,0x00000007eec80000)
  from space 2560K, 98% used [0x00000007eec80000,0x00000007eeef8220,0x00000007eef00000)
  to   space 16384K, 0% used [0x00000007f3e80000,0x00000007f3e80000,0x00000007f4e80000)
 ParOldGen       total 43520K, used 25757K [0x00000007c0000000, 0x00000007c2a80000, 0x00000007eaa80000)
  object space 43520K, 59% used [0x00000007c0000000,0x00000007c19274d8,0x00000007c2a80000)
 PSPermGen       total 21504K, used 6013K [0x00000007bae00000, 0x00000007bc300000, 0x00000007c0000000)
  object space 21504K, 27% used [0x00000007bae00000,0x00000007bb3df470,0x00000007bc300000)
Event: 17.150 GC heap after
Heap after GC invocations=6 (full 0):
 PSYoungGen      total 148992K, used 13970K [0x00000007eaa80000, 0x00000007f5380000, 0x0000000800000000)
  eden space 132608K, 0% used [0x00000007eaa80000,0x00000007eaa80000,0x00000007f2c00000)
  from space 16384K, 85% used [0x00000007f3e80000,0x00000007f4c24bf0,0x00000007f4e80000)
  to   space 18944K, 0% used [0x00000007f2c00000,0x00000007f2c00000,0x00000007f3e80000)
 ParOldGen       total 43520K, used 25757K [0x00000007c0000000, 0x00000007c2a80000, 0x00000007eaa80000)
  object space 43520K, 59% used [0x00000007c0000000,0x00000007c19274d8,0x00000007c2a80000)
 PSPermGen       total 21504K, used 6013K [0x00000007bae00000, 0x00000007bc300000, 0x00000007c0000000)
  object space 21504K, 27% used [0x00000007bae00000,0x00000007bb3df470,0x00000007bc300000)
}
Event: 23.472 GC heap before
{Heap before GC invocations=7 (full 0):
 PSYoungGen      total 148992K, used 146578K [0x00000007eaa80000, 0x00000007f5380000, 0x0000000800000000)
  eden space 132608K, 100% used [0x00000007eaa80000,0x00000007f2c00000,0x00000007f2c00000)
  from space 16384K, 85% used [0x00000007f3e80000,0x00000007f4c24bf0,0x00000007f4e80000)
  to   space 18944K, 0% used [0x00000007f2c00000,0x00000007f2c00000,0x00000007f3e80000)
 ParOldGen       total 43520K, used 25757K [0x00000007c0000000, 0x00000007c2a80000, 0x00000007eaa80000)
  object space 43520K, 59% used [0x00000007c0000000,0x00000007c19274d8,0x00000007c2a80000)
 PSPermGen       total 21504K, used 6089K [0x00000007bae00000, 0x00000007bc300000, 0x00000007c0000000)
  object space 21504K, 28% used [0x00000007bae00000,0x00000007bb3f2500,0x00000007bc300000)
Event: 23.884 GC heap after
Heap after GC invocations=7 (full 0):
 PSYoungGen      total 151552K, used 18942K [0x00000007eaa80000, 0x00000007fe880000, 0x0000000800000000)
  eden space 132608K, 0% used [0x00000007eaa80000,0x00000007eaa80000,0x00000007f2c00000)
  from space 18944K, 99% used [0x00000007f2c00000,0x00000007f3e7f8a0,0x00000007f3e80000)
  to   space 30208K, 0% used [0x00000007fcb00000,0x00000007fcb00000,0x00000007fe880000)
 ParOldGen       total 43520K, used 41037K [0x00000007c0000000, 0x00000007c2a80000, 0x00000007eaa80000)
  object space 43520K, 94% used [0x00000007c0000000,0x00000007c2813580,0x00000007c2a80000)
 PSPermGen       total 21504K, used 6089K [0x00000007bae00000, 0x00000007bc300000, 0x00000007c0000000)
  object space 21504K, 28% used [0x00000007bae00000,0x00000007bb3f2500,0x00000007bc300000)
}
Event: 23.884 GC heap before
{Heap before GC invocations=8 (full 1):
 PSYoungGen      total 151552K, used 18942K [0x00000007eaa80000, 0x00000007fe880000, 0x0000000800000000)
  eden space 132608K, 0% used [0x00000007eaa80000,0x00000007eaa80000,0x00000007f2c00000)
  from space 18944K, 99% used [0x00000007f2c00000,0x00000007f3e7f8a0,0x00000007f3e80000)
  to   space 30208K, 0% used [0x00000007fcb00000,0x00000007fcb00000,0x00000007fe880000)
 ParOldGen       total 43520K, used 41037K [0x00000007c0000000, 0x00000007c2a80000, 0x00000007eaa80000)
  object space 43520K, 94% used [0x00000007c0000000,0x00000007c2813580,0x00000007c2a80000)
 PSPermGen       total 21504K, used 6089K [0x00000007bae00000, 0x00000007bc300000, 0x00000007c0000000)
  object space 21504K, 28% used [0x00000007bae00000,0x00000007bb3f2500,0x00000007bc300000)

Deoptimization events (10 events):
Event: 1.809 Thread 0x00007fa073011800 Uncommon trap: reason=null_check action=make_not_entrant pc=0x00000001028a56dc method=com.android.dx.rop.type.Type.putIntern(Lcom/android/dx/rop/type/Type;)Lcom/android/dx/rop/type/Type; @ 18
Event: 3.276 Thread 0x00007fa0731a9800 Uncommon trap: reason=unreached action=reinterpret pc=0x00000001028837d8 method=com.android.dx.rop.cst.Constant.compareTo(Lcom/android/dx/rop/cst/Constant;)I @ 12
Event: 4.249 Thread 0x00007fa0731a9800 Uncommon trap: reason=unreached action=reinterpret pc=0x00000001028c9ce4 method=com.android.dx.ssa.LocalVariableExtractor.processBlock(I)V @ 251
Event: 4.717 Thread 0x00007fa0731a8000 Uncommon trap: reason=class_check action=maybe_recompile pc=0x00000001028c11ec method=java.util.HashMap.put(Ljava/lang/Object;Ljava/lang/Object;)Ljava/lang/Object; @ 83
Event: 4.717 Thread 0x00007fa0731a8000 Uncommon trap: reason=class_check action=maybe_recompile pc=0x00000001028c11ec method=java.util.HashMap.put(Ljava/lang/Object;Ljava/lang/Object;)Ljava/lang/Object; @ 83
Event: 4.717 Thread 0x00007fa0731a8000 Uncommon trap: reason=class_check action=maybe_recompile pc=0x00000001028c11ec method=java.util.HashMap.put(Ljava/lang/Object;Ljava/lang/Object;)Ljava/lang/Object; @ 83
Event: 4.717 Thread 0x00007fa0731a8000 Uncommon trap: reason=class_check action=maybe_recompile pc=0x00000001028c11ec method=java.util.HashMap.put(Ljava/lang/Object;Ljava/lang/Object;)Ljava/lang/Object; @ 83
Event: 5.953 Thread 0x00007fa0731a9800 Uncommon trap: reason=unreached action=reinterpret pc=0x00000001028d5e84 method=com.android.dx.ssa.SsaRenamer$BlockRenamer.process()V @ 90
Event: 11.515 Thread 0x00007fa073011800 Uncommon trap: reason=unloaded action=reinterpret pc=0x000000010290bb94 method=com.android.dx.cf.cst.ConstantPoolParser.parse0(ILjava/util/BitSet;)Lcom/android/dx/rop/cst/Constant; @ 220
Event: 18.968 Thread 0x00007fa0731a9800 Uncommon trap: reason=null_check action=make_not_entrant pc=0x000000010295b93c method=com.android.dx.cf.code.Ropper$CatchInfo.getSetup(Lcom/android/dx/rop/type/Type;)Lcom/android/dx/cf/code/Ropper$ExceptionHandlerSetup; @ 10

Internal exceptions (10 events):
Event: 0.984 Thread 0x00007fa073011800 Threw 0x00000007eb337d28 at /HUDSON/workspace/7u-2-build-macosx-x86_64/jdk7u79/2331/hotspot/src/share/vm/prims/jvm.cpp:1304
Event: 0.984 Thread 0x00007fa073011800 Threw 0x00000007eb33b1a8 at /HUDSON/workspace/7u-2-build-macosx-x86_64/jdk7u79/2331/hotspot/src/share/vm/prims/jvm.cpp:1304
Event: 1.189 Thread 0x00007fa0731a9000 Threw 0x00000007eb7408b0 at /HUDSON/workspace/7u-2-build-macosx-x86_64/jdk7u79/2331/hotspot/src/share/vm/prims/jvm.cpp:1304
Event: 1.425 Thread 0x00007fa0738e5000 Threw 0x00000007eab5ca78 at /HUDSON/workspace/7u-2-build-macosx-x86_64/jdk7u79/2331/hotspot/src/share/vm/prims/jvm.cpp:1304
Event: 1.809 Thread 0x00007fa073011800 Implicit null exception at 0x00000001028a4fab to 0x00000001028a56cd
Event: 3.566 Thread 0x00007fa073011800 Threw 0x00000007ec778930 at /HUDSON/workspace/7u-2-build-macosx-x86_64/jdk7u79/2331/hotspot/src/share/vm/prims/jvm.cpp:1304
Event: 3.645 Thread 0x00007fa073011800 Threw 0x00000007ecae6b68 at /HUDSON/workspace/7u-2-build-macosx-x86_64/jdk7u79/2331/hotspot/src/share/vm/prims/jvm.cpp:1304
Event: 5.951 Thread 0x00007fa0731a9800 Threw 0x00000007ec317d98 at /HUDSON/workspace/7u-2-build-macosx-x86_64/jdk7u79/2331/hotspot/src/share/vm/prims/jvm.cpp:1304
Event: 14.335 Thread 0x00007fa073011800 Threw 0x00000007ec87c9b8 at /HUDSON/workspace/7u-2-build-macosx-x86_64/jdk7u79/2331/hotspot/src/share/vm/prims/jvm.cpp:1304
Event: 18.968 Thread 0x00007fa0731a9800 Implicit null exception at 0x0000000102957945 to 0x000000010295b8f5

Events (10 events):
Event: 17.592 Executing VM operation: BulkRevokeBias done
Event: 17.594 Thread 0x00007fa073821000 flushing nmethod 0x0000000102883610
Event: 18.968 Thread 0x00007fa0731a9800 Uncommon trap: trap_request=0xfffffff4 fr.pc=0x000000010295b93c
Event: 18.968 Thread 0x00007fa0731a9800 DEOPT PACKING pc=0x000000010295b93c sp=0x000000010b5a4280
Event: 18.968 Thread 0x00007fa0731a9800 DEOPT UNPACKING pc=0x0000000102839045 sp=0x000000010b5a41d8 mode 2
Event: 20.096 Thread 0x00007fa07383a000 flushing nmethod 0x00000001028c0850
Event: 20.096 Thread 0x00007fa07383a000 flushing nmethod 0x00000001028c7ed0
Event: 20.096 Thread 0x00007fa07383a000 flushing nmethod 0x00000001028d5290
Event: 23.252 Thread 0x00007fa07383a000 flushing nmethod 0x000000010290ae90
Event: 23.461 Executing VM operation: ParallelGCFailedAllocation


Dynamic libraries:
0x0000000003365000 	/System/Library/Frameworks/Cocoa.framework/Versions/A/Cocoa
0x0000000003365000 	/System/Library/Frameworks/Security.framework/Versions/A/Security
0x0000000003365000 	/System/Library/Frameworks/ApplicationServices.framework/Versions/A/ApplicationServices
0x0000000003365000 	/usr/lib/libz.1.dylib
0x0000000003365000 	/usr/lib/libSystem.B.dylib
0x0000000003365000 	/usr/lib/libobjc.A.dylib
0x0000000003365000 	/System/Library/Frameworks/CoreFoundation.framework/Versions/A/CoreFoundation
0x0000000003365000 	/System/Library/Frameworks/Foundation.framework/Versions/C/Foundation
0x0000000003365000 	/System/Library/Frameworks/AppKit.framework/Versions/C/AppKit
0x0000000003365000 	/System/Library/Frameworks/CoreData.framework/Versions/A/CoreData
0x0000000003365000 	/System/Library/PrivateFrameworks/RemoteViewServices.framework/Versions/A/RemoteViewServices
0x0000000003365000 	/System/Library/PrivateFrameworks/UIFoundation.framework/Versions/A/UIFoundation
0x0000000003365000 	/System/Library/Frameworks/IOSurface.framework/Versions/A/IOSurface
0x0000000003365000 	/System/Library/Frameworks/AudioToolbox.framework/Versions/A/AudioToolbox
0x0000000003365000 	/System/Library/Frameworks/AudioUnit.framework/Versions/A/AudioUnit
0x0000000003365000 	/System/Library/PrivateFrameworks/DataDetectorsCore.framework/Versions/A/DataDetectorsCore
0x0000000003365000 	/System/Library/PrivateFrameworks/DesktopServicesPriv.framework/Versions/A/DesktopServicesPriv
0x0000000003365000 	/System/Library/Frameworks/Carbon.framework/Versions/A/Frameworks/HIToolbox.framework/Versions/A/HIToolbox
0x0000000003365000 	/System/Library/Frameworks/QuartzCore.framework/Versions/A/QuartzCore
0x0000000003365000 	/System/Library/Frameworks/Carbon.framework/Versions/A/Frameworks/SpeechRecognition.framework/Versions/A/SpeechRecognition
0x0000000003365000 	/usr/lib/libauto.dylib
0x0000000003365000 	/usr/lib/libicucore.A.dylib
0x0000000003365000 	/usr/lib/libxml2.2.dylib
0x0000000003365000 	/System/Library/PrivateFrameworks/CoreUI.framework/Versions/A/CoreUI
0x0000000003365000 	/System/Library/Frameworks/CoreAudio.framework/Versions/A/CoreAudio
0x0000000003365000 	/System/Library/Frameworks/DiskArbitration.framework/Versions/A/DiskArbitration
0x0000000003365000 	/usr/lib/liblangid.dylib
0x0000000003365000 	/System/Library/PrivateFrameworks/MultitouchSupport.framework/Versions/A/MultitouchSupport
0x0000000003365000 	/System/Library/Frameworks/IOKit.framework/Versions/A/IOKit
0x0000000003365000 	/usr/lib/libDiagnosticMessagesClient.dylib
0x0000000003365000 	/System/Library/Frameworks/CoreServices.framework/Versions/A/CoreServices
0x0000000003365000 	/System/Library/PrivateFrameworks/PerformanceAnalysis.framework/Versions/A/PerformanceAnalysis
0x0000000003365000 	/System/Library/PrivateFrameworks/GenerationalStorage.framework/Versions/A/GenerationalStorage
0x0000000003365000 	/System/Library/Frameworks/OpenGL.framework/Versions/A/OpenGL
0x0000000003365000 	/System/Library/PrivateFrameworks/Sharing.framework/Versions/A/Sharing
0x0000000003365000 	/System/Library/Frameworks/CoreGraphics.framework/Versions/A/CoreGraphics
0x0000000003365000 	/System/Library/Frameworks/CoreText.framework/Versions/A/CoreText
0x0000000003365000 	/System/Library/Frameworks/ImageIO.framework/Versions/A/ImageIO
0x0000000003365000 	/usr/lib/libextension.dylib
0x0000000003365000 	/System/Library/PrivateFrameworks/Backup.framework/Versions/A/Backup
0x0000000003365000 	/usr/lib/libarchive.2.dylib
0x0000000003365000 	/System/Library/Frameworks/CFNetwork.framework/Versions/A/CFNetwork
0x0000000003365000 	/System/Library/Frameworks/SystemConfiguration.framework/Versions/A/SystemConfiguration
0x0000000003365000 	/usr/lib/libCRFSuite.dylib
0x0000000003365000 	/usr/lib/libc++.1.dylib
0x0000000003365000 	/usr/lib/libc++abi.dylib
0x0000000003365000 	/usr/lib/system/libcache.dylib
0x0000000003365000 	/usr/lib/system/libcommonCrypto.dylib
0x0000000003365000 	/usr/lib/system/libcompiler_rt.dylib
0x0000000003365000 	/usr/lib/system/libcopyfile.dylib
0x0000000003365000 	/usr/lib/system/libcorecrypto.dylib
0x0000000003365000 	/usr/lib/system/libdispatch.dylib
0x0000000003365000 	/usr/lib/system/libdyld.dylib
0x0000000003365000 	/usr/lib/system/libkeymgr.dylib
0x0000000003365000 	/usr/lib/system/liblaunch.dylib
0x0000000003365000 	/usr/lib/system/libmacho.dylib
0x0000000003365000 	/usr/lib/system/libquarantine.dylib
0x0000000003365000 	/usr/lib/system/libremovefile.dylib
0x0000000003365000 	/usr/lib/system/libsystem_asl.dylib
0x0000000003365000 	/usr/lib/system/libsystem_blocks.dylib
0x0000000003365000 	/usr/lib/system/libsystem_c.dylib
0x0000000003365000 	/usr/lib/system/libsystem_configuration.dylib
0x0000000003365000 	/usr/lib/system/libsystem_coreservices.dylib
0x0000000003365000 	/usr/lib/system/libsystem_coretls.dylib
0x0000000003365000 	/usr/lib/system/libsystem_dnssd.dylib
0x0000000003365000 	/usr/lib/system/libsystem_info.dylib
0x0000000003365000 	/usr/lib/system/libsystem_kernel.dylib
0x0000000003365000 	/usr/lib/system/libsystem_m.dylib
0x0000000003365000 	/usr/lib/system/libsystem_malloc.dylib
0x0000000003365000 	/usr/lib/system/libsystem_network.dylib
0x0000000003365000 	/usr/lib/system/libsystem_networkextension.dylib
0x0000000003365000 	/usr/lib/system/libsystem_notify.dylib
0x0000000003365000 	/usr/lib/system/libsystem_platform.dylib
0x0000000003365000 	/usr/lib/system/libsystem_pthread.dylib
0x0000000003365000 	/usr/lib/system/libsystem_sandbox.dylib
0x0000000003365000 	/usr/lib/system/libsystem_secinit.dylib
0x0000000003365000 	/usr/lib/system/libsystem_stats.dylib
0x0000000003365000 	/usr/lib/system/libsystem_trace.dylib
0x0000000003365000 	/usr/lib/system/libunc.dylib
0x0000000003365000 	/usr/lib/system/libunwind.dylib
0x0000000003365000 	/usr/lib/system/libxpc.dylib
0x0000000003365000 	/usr/lib/libbz2.1.0.dylib
0x0000000003365000 	/usr/lib/liblzma.5.dylib
0x0000000003365000 	/usr/lib/libbsm.0.dylib
0x0000000003365000 	/usr/lib/libsqlite3.dylib
0x0000000003365000 	/usr/lib/system/libkxld.dylib
0x0000000003365000 	/usr/lib/libxar.1.dylib
0x0000000003365000 	/usr/lib/libpam.2.dylib
0x0000000003365000 	/usr/lib/libOpenScriptingUtil.dylib
0x0000000003365000 	/System/Library/Frameworks/CoreServices.framework/Versions/A/Frameworks/FSEvents.framework/Versions/A/FSEvents
0x0000000003365000 	/System/Library/Frameworks/CoreServices.framework/Versions/A/Frameworks/CarbonCore.framework/Versions/A/CarbonCore
0x0000000003365000 	/System/Library/Frameworks/CoreServices.framework/Versions/A/Frameworks/Metadata.framework/Versions/A/Metadata
0x0000000003365000 	/System/Library/Frameworks/CoreServices.framework/Versions/A/Frameworks/OSServices.framework/Versions/A/OSServices
0x0000000003365000 	/System/Library/Frameworks/CoreServices.framework/Versions/A/Frameworks/SearchKit.framework/Versions/A/SearchKit
0x0000000003365000 	/System/Library/Frameworks/CoreServices.framework/Versions/A/Frameworks/AE.framework/Versions/A/AE
0x0000000003365000 	/System/Library/Frameworks/CoreServices.framework/Versions/A/Frameworks/LaunchServices.framework/Versions/A/LaunchServices
0x0000000003365000 	/System/Library/Frameworks/CoreServices.framework/Versions/A/Frameworks/DictionaryServices.framework/Versions/A/DictionaryServices
0x0000000003365000 	/System/Library/Frameworks/NetFS.framework/Versions/A/NetFS
0x0000000003365000 	/System/Library/PrivateFrameworks/NetAuth.framework/Versions/A/NetAuth
0x0000000003365000 	/System/Library/PrivateFrameworks/login.framework/Versions/A/Frameworks/loginsupport.framework/Versions/A/loginsupport
0x0000000003365000 	/System/Library/PrivateFrameworks/TCC.framework/Versions/A/TCC
0x0000000003365000 	/usr/lib/libmecabra.dylib
0x0000000003365000 	/System/Library/Frameworks/ApplicationServices.framework/Versions/A/Frameworks/ATS.framework/Versions/A/ATS
0x0000000003365000 	/System/Library/Frameworks/ApplicationServices.framework/Versions/A/Frameworks/ColorSync.framework/Versions/A/ColorSync
0x0000000003365000 	/System/Library/Frameworks/ApplicationServices.framework/Versions/A/Frameworks/HIServices.framework/Versions/A/HIServices
0x0000000003365000 	/System/Library/Frameworks/ApplicationServices.framework/Versions/A/Frameworks/LangAnalysis.framework/Versions/A/LangAnalysis
0x0000000003365000 	/System/Library/Frameworks/ApplicationServices.framework/Versions/A/Frameworks/PrintCore.framework/Versions/A/PrintCore
0x0000000003365000 	/System/Library/Frameworks/ApplicationServices.framework/Versions/A/Frameworks/QD.framework/Versions/A/QD
0x0000000003365000 	/System/Library/Frameworks/ApplicationServices.framework/Versions/A/Frameworks/SpeechSynthesis.framework/Versions/A/SpeechSynthesis
0x0000000003365000 	/System/Library/Frameworks/Accelerate.framework/Versions/A/Accelerate
0x0000000003365000 	/System/Library/Frameworks/Accelerate.framework/Versions/A/Frameworks/vImage.framework/Versions/A/vImage
0x0000000003365000 	/System/Library/Frameworks/Accelerate.framework/Versions/A/Frameworks/vecLib.framework/Versions/A/vecLib
0x0000000003365000 	/System/Library/Frameworks/Accelerate.framework/Versions/A/Frameworks/vecLib.framework/Versions/A/libvDSP.dylib
0x0000000003365000 	/System/Library/Frameworks/Accelerate.framework/Versions/A/Frameworks/vecLib.framework/Versions/A/libvMisc.dylib
0x0000000003365000 	/System/Library/Frameworks/Accelerate.framework/Versions/A/Frameworks/vecLib.framework/Versions/A/libLAPACK.dylib
0x0000000003365000 	/System/Library/Frameworks/Accelerate.framework/Versions/A/Frameworks/vecLib.framework/Versions/A/libBLAS.dylib
0x0000000003365000 	/System/Library/Frameworks/Accelerate.framework/Versions/A/Frameworks/vecLib.framework/Versions/A/libLinearAlgebra.dylib
0x0000000003365000 	/System/Library/Frameworks/ApplicationServices.framework/Versions/A/Frameworks/ATS.framework/Versions/A/Resources/libFontParser.dylib
0x0000000003365000 	/System/Library/Frameworks/ApplicationServices.framework/Versions/A/Frameworks/ATS.framework/Versions/A/Resources/libFontRegistry.dylib
0x0000000003365000 	/System/Library/PrivateFrameworks/AppleVPA.framework/Versions/A/AppleVPA
0x0000000003365000 	/System/Library/PrivateFrameworks/AppleJPEG.framework/Versions/A/AppleJPEG
0x0000000003365000 	/System/Library/Frameworks/ImageIO.framework/Versions/A/Resources/libJPEG.dylib
0x0000000003365000 	/System/Library/Frameworks/ImageIO.framework/Versions/A/Resources/libTIFF.dylib
0x0000000003365000 	/System/Library/Frameworks/ImageIO.framework/Versions/A/Resources/libPng.dylib
0x0000000003365000 	/System/Library/Frameworks/ImageIO.framework/Versions/A/Resources/libGIF.dylib
0x0000000003365000 	/System/Library/Frameworks/ImageIO.framework/Versions/A/Resources/libJP2.dylib
0x0000000003365000 	/System/Library/Frameworks/ImageIO.framework/Versions/A/Resources/libRadiance.dylib
0x0000000003365000 	/System/Library/Frameworks/CoreVideo.framework/Versions/A/CoreVideo
0x0000000003365000 	/System/Library/Frameworks/OpenGL.framework/Versions/A/Libraries/libGLU.dylib
0x0000000003365000 	/System/Library/Frameworks/OpenGL.framework/Versions/A/Libraries/libGFXShared.dylib
0x0000000003365000 	/System/Library/Frameworks/OpenGL.framework/Versions/A/Libraries/libGL.dylib
0x0000000003365000 	/System/Library/Frameworks/OpenGL.framework/Versions/A/Libraries/libGLImage.dylib
0x0000000003365000 	/System/Library/Frameworks/OpenGL.framework/Versions/A/Libraries/libCVMSPluginSupport.dylib
0x0000000003365000 	/System/Library/Frameworks/OpenGL.framework/Versions/A/Libraries/libCoreVMClient.dylib
0x0000000003365000 	/usr/lib/libcups.2.dylib
0x0000000003365000 	/System/Library/Frameworks/Kerberos.framework/Versions/A/Kerberos
0x0000000003365000 	/System/Library/Frameworks/GSS.framework/Versions/A/GSS
0x0000000003365000 	/usr/lib/libresolv.9.dylib
0x0000000003365000 	/usr/lib/libiconv.2.dylib
0x0000000003365000 	/System/Library/PrivateFrameworks/Heimdal.framework/Versions/A/Heimdal
0x0000000003365000 	/usr/lib/libheimdal-asn1.dylib
0x0000000003365000 	/System/Library/Frameworks/OpenDirectory.framework/Versions/A/OpenDirectory
0x0000000003365000 	/System/Library/PrivateFrameworks/CommonAuth.framework/Versions/A/CommonAuth
0x0000000003365000 	/System/Library/Frameworks/OpenDirectory.framework/Versions/A/Frameworks/CFOpenDirectory.framework/Versions/A/CFOpenDirectory
0x0000000003365000 	/System/Library/Frameworks/SecurityFoundation.framework/Versions/A/SecurityFoundation
0x0000000003365000 	/System/Library/PrivateFrameworks/LanguageModeling.framework/Versions/A/LanguageModeling
0x0000000003365000 	/usr/lib/libcmph.dylib
0x0000000003365000 	/System/Library/Frameworks/ServiceManagement.framework/Versions/A/ServiceManagement
0x0000000003365000 	/usr/lib/libxslt.1.dylib
0x0000000003365000 	/System/Library/Frameworks/Carbon.framework/Versions/A/Frameworks/Ink.framework/Versions/A/Ink
0x0000000003365000 	/System/Library/Frameworks/QuartzCore.framework/Versions/A/Frameworks/CoreImage.framework/Versions/A/CoreImage
0x0000000003365000 	/System/Library/PrivateFrameworks/CrashReporterSupport.framework/Versions/A/CrashReporterSupport
0x0000000003365000 	/System/Library/Frameworks/OpenCL.framework/Versions/A/OpenCL
0x0000000003365000 	/System/Library/PrivateFrameworks/FaceCore.framework/Versions/A/FaceCore
0x0000000003365000 	/System/Library/PrivateFrameworks/Ubiquity.framework/Versions/A/Ubiquity
0x0000000003365000 	/System/Library/PrivateFrameworks/IconServices.framework/Versions/A/IconServices
0x0000000003365000 	/System/Library/PrivateFrameworks/ChunkingLibrary.framework/Versions/A/ChunkingLibrary
0x0000000003365000 	/System/Library/PrivateFrameworks/Apple80211.framework/Versions/A/Apple80211
0x0000000003365000 	/System/Library/Frameworks/CoreWLAN.framework/Versions/A/CoreWLAN
0x0000000003365000 	/System/Library/Frameworks/IOBluetooth.framework/Versions/A/IOBluetooth
0x0000000003365000 	/System/Library/PrivateFrameworks/CoreWiFi.framework/Versions/A/CoreWiFi
0x0000000003365000 	/System/Library/Frameworks/CoreBluetooth.framework/Versions/A/CoreBluetooth
0x0000000003365000 	/System/Library/PrivateFrameworks/DebugSymbols.framework/Versions/A/DebugSymbols
0x0000000003365000 	/System/Library/PrivateFrameworks/CoreSymbolication.framework/Versions/A/CoreSymbolication
0x0000000003365000 	/System/Library/PrivateFrameworks/Symbolication.framework/Versions/A/Symbolication
0x0000000003365000 	/System/Library/PrivateFrameworks/SpeechRecognitionCore.framework/Versions/A/SpeechRecognitionCore
0x0000000101830000 	/Library/Java/JavaVirtualMachines/jdk1.7.0_79.jdk/Contents/Home/jre/lib/server/libjvm.dylib
0x0000000003365000 	/usr/lib/libstdc++.6.dylib
0x00000001023ad000 	/Library/Java/JavaVirtualMachines/jdk1.7.0_79.jdk/Contents/Home/jre/lib/libverify.dylib
0x00000001023ba000 	/Library/Java/JavaVirtualMachines/jdk1.7.0_79.jdk/Contents/Home/jre/lib/libjava.dylib
0x00000001023f4000 	/Library/Java/JavaVirtualMachines/jdk1.7.0_79.jdk/Contents/Home/jre/lib/libzip.dylib
0x00000001092c1000 	/System/Library/Frameworks/JavaVM.framework/Frameworks/JavaRuntimeSupport.framework/JavaRuntimeSupport
0x00000001092dc000 	/System/Library/Frameworks/JavaVM.framework/Versions/A/Frameworks/JavaNativeFoundation.framework/Versions/A/JavaNativeFoundation
0x00000001092f1000 	/System/Library/Frameworks/JavaVM.framework/Versions/A/JavaVM
0x0000000003365000 	/System/Library/Frameworks/Carbon.framework/Versions/A/Carbon
0x00000001092fe000 	/System/Library/PrivateFrameworks/JavaLaunching.framework/Versions/A/JavaLaunching
0x0000000003365000 	/System/Library/Frameworks/Carbon.framework/Versions/A/Frameworks/CommonPanels.framework/Versions/A/CommonPanels
0x0000000003365000 	/System/Library/Frameworks/Carbon.framework/Versions/A/Frameworks/Help.framework/Versions/A/Help
0x0000000003365000 	/System/Library/Frameworks/Carbon.framework/Versions/A/Frameworks/ImageCapture.framework/Versions/A/ImageCapture
0x0000000003365000 	/System/Library/Frameworks/Carbon.framework/Versions/A/Frameworks/OpenScripting.framework/Versions/A/OpenScripting
0x0000000003365000 	/System/Library/Frameworks/Carbon.framework/Versions/A/Frameworks/Print.framework/Versions/A/Print
0x0000000003365000 	/System/Library/Frameworks/Carbon.framework/Versions/A/Frameworks/SecurityHI.framework/Versions/A/SecurityHI
0x000000010b12e000 	/Library/Java/JavaVirtualMachines/jdk1.7.0_79.jdk/Contents/Home/jre/lib/libnio.dylib
0x000000010b13d000 	/Library/Java/JavaVirtualMachines/jdk1.7.0_79.jdk/Contents/Home/jre/lib/./libnet.dylib

VM Arguments:
jvm_args: -Djava.awt.headless=true -Xmx1024M -Dfile.encoding=UTF-8 -Duser.country=US -Duser.language=en -Duser.variant 
java_command: com.android.dx.command.Main --dex --num-threads=4 --output /Users/lucaluisa/Documents/Luca/Business/AndroidStudio/ImageGrid/app/build/intermediates/pre-dexed/debug/com.android.support-support-v4-23.1.1_75cb0b2072a3058114f767aedbc9eb625afde3c0.jar /Users/lucaluisa/Documents/Luca/Business/AndroidStudio/ImageGrid/app/build/intermediates/exploded-aar/com.android.support/support-v4/23.1.1/jars/classes.jar
Launcher Type: SUN_STANDARD

Environment Variables:
PATH=/usr/bin:/bin:/usr/sbin:/sbin
SHELL=/bin/bash

Signal Handlers:
SIGSEGV: [libjvm.dylib+0x52daf1], sa_mask[0]=0xfffefeff, sa_flags=0x00000043
SIGBUS: [libjvm.dylib+0x52daf1], sa_mask[0]=0xfffefeff, sa_flags=0x00000042
SIGFPE: [libjvm.dylib+0x41f34e], sa_mask[0]=0xfffefeff, sa_flags=0x00000042
SIGPIPE: [libjvm.dylib+0x41f34e], sa_mask[0]=0xfffefeff, sa_flags=0x00000042
SIGXFSZ: [libjvm.dylib+0x41f34e], sa_mask[0]=0xfffefeff, sa_flags=0x00000042
SIGILL: [libjvm.dylib+0x41f34e], sa_mask[0]=0xfffefeff, sa_flags=0x00000042
SIGUSR1: SIG_DFL, sa_mask[0]=0x00000000, sa_flags=0x00000000
SIGUSR2: [libjvm.dylib+0x41ee40], sa_mask[0]=0x00000004, sa_flags=0x00000042
SIGHUP: [libjvm.dylib+0x41d0d1], sa_mask[0]=0xfffefeff, sa_flags=0x00000042
SIGINT: [libjvm.dylib+0x41d0d1], sa_mask[0]=0xfffefeff, sa_flags=0x00000042
SIGTERM: [libjvm.dylib+0x41d0d1], sa_mask[0]=0xfffefeff, sa_flags=0x00000042
SIGQUIT: [libjvm.dylib+0x41d0d1], sa_mask[0]=0xfffefeff, sa_flags=0x00000042


---------------  S Y S T E M  ---------------

OS:Bsduname:Darwin 14.1.0 Darwin Kernel Version 14.1.0: Mon Dec 22 23:10:38 PST 2014; root:xnu-2782.10.72~2/RELEASE_X86_64 x86_64
rlimit: STACK 8192k, CORE 0k, NPROC 709, NOFILE 10240, AS infinity
load average:7.59 3.50 3.52

CPU:total 2 (2 cores per cpu, 1 threads per core) family 6 model 23 stepping 10, cmov, cx8, fxsr, mmx, sse, sse2, sse3, ssse3, sse4.1, tsc

Memory: 4k page, physical 4194304k(1048576k free)

/proc/meminfo:


vm_info: Java HotSpot(TM) 64-Bit Server VM (24.79-b02) for bsd-amd64 JRE (1.7.0_79-b15), built on Apr 10 2015 11:35:04 by "java_re" with gcc 4.2.1 (Based on Apple Inc. build 5658) (LLVM build 2336.11.00)

time: Sun Jan 31 22:40:31 2016
elapsed time: 24 seconds

